::1 - - [31/Jan/2018:15:25:01 +0800] "GET / HTTP/1.1" 200 76570
::1 - - [31/Jan/2018:15:25:01 +0800] "GET /style.css HTTP/1.1" 200 3041
::1 - - [31/Jan/2018:15:25:01 +0800] "GET /index.php?=PHPE9568F34-D428-11d2-A769-00AA001ACF42 HTTP/1.1" 200 2524
127.0.0.1 - - [31/Jan/2018:15:25:01 +0800] "GET /images/header.png HTTP/1.1" 200 7766
::1 - - [31/Jan/2018:15:25:01 +0800] "GET /index.php?=PHPE9568F35-D428-11d2-A769-00AA001ACF42 HTTP/1.1" 200 2146
::1 - - [31/Jan/2018:15:25:01 +0800] "GET /images/background.jpg HTTP/1.1" 200 12386
127.0.0.1 - - [31/Jan/2018:15:25:01 +0800] "GET /images/menuleft.jpg HTTP/1.1" 200 11236
::1 - - [31/Jan/2018:15:25:01 +0800] "GET /images/menu.jpg HTTP/1.1" 200 11219
::1 - - [31/Jan/2018:15:25:01 +0800] "GET /images/menuright.jpg HTTP/1.1" 200 11239
::1 - - [31/Jan/2018:15:25:01 +0800] "GET /images/topcontent.jpg HTTP/1.1" 200 11578
::1 - - [31/Jan/2018:15:25:02 +0800] "GET /images/content.jpg HTTP/1.1" 200 11916
::1 - - [31/Jan/2018:15:25:02 +0800] "GET /images/banner.jpg HTTP/1.1" 200 38149
::1 - - [31/Jan/2018:15:25:02 +0800] "GET /favicon.ico HTTP/1.1" 404 209
::1 - - [31/Jan/2018:15:27:24 +0800] "GET /wordpress HTTP/1.1" 301 235
::1 - - [31/Jan/2018:15:27:24 +0800] "GET /wordpress/ HTTP/1.1" 302 -
::1 - - [31/Jan/2018:15:27:35 +0800] "GET /wordpress/wp-includes/css/buttons.min.css?ver=4.9.2 HTTP/1.1" 200 6144
::1 - - [31/Jan/2018:15:27:35 +0800] "GET /wordpress/wp-admin/css/install.min.css?ver=4.9.2 HTTP/1.1" 200 5650
::1 - - [31/Jan/2018:15:27:35 +0800] "GET /wordpress/wp-admin/images/wordpress-logo.svg?ver=20131107 HTTP/1.1" 200 1521
::1 - - [31/Jan/2018:15:27:25 +0800] "GET /wordpress/wp-admin/setup-config.php HTTP/1.1" 200 11125
::1 - - [31/Jan/2018:15:27:35 +0800] "GET /wordpress/wp-admin/images/spinner.gif HTTP/1.1" 200 4162
::1 - - [31/Jan/2018:15:27:35 +0800] "GET /wordpress/wp-admin/js/language-chooser.min.js?ver=4.9.2 HTTP/1.1" 200 374
::1 - - [31/Jan/2018:15:27:35 +0800] "GET /wordpress/wp-includes/js/jquery/jquery-migrate.min.js?ver=1.4.1 HTTP/1.1" 200 10056
::1 - - [31/Jan/2018:15:27:35 +0800] "GET /wordpress/wp-includes/js/jquery/jquery.js?ver=1.12.4 HTTP/1.1" 200 97184
::1 - - [31/Jan/2018:15:27:48 +0800] "POST /wordpress/wp-admin/setup-config.php?step=0 HTTP/1.1" 200 2336
::1 - - [31/Jan/2018:15:29:05 +0800] "GET / HTTP/1.1" 200 76569
::1 - - [31/Jan/2018:15:29:14 +0800] "GET / HTTP/1.1" 200 76570
::1 - - [31/Jan/2018:15:29:14 +0800] "GET /index.php?=PHPE9568F34-D428-11d2-A769-00AA001ACF42 HTTP/1.1" 200 2524
::1 - - [31/Jan/2018:15:29:14 +0800] "GET /index.php?=PHPE9568F35-D428-11d2-A769-00AA001ACF42 HTTP/1.1" 200 2146
::1 - - [31/Jan/2018:15:29:27 +0800] "GET /phpmyadmin HTTP/1.1" 301 236
::1 - - [31/Jan/2018:15:29:27 +0800] "GET /phpmyadmin/ HTTP/1.1" 200 8464
::1 - - [31/Jan/2018:15:29:31 +0800] "GET /phpmyadmin/themes/pmahomme/jquery/jquery-ui-1.9.2.custom.css HTTP/1.1" 200 32278
::1 - - [31/Jan/2018:15:29:31 +0800] "GET /phpmyadmin/phpmyadmin.css.php?server=1&lang=en&collation_connection=utf8_general_ci&token=f4f57a10aa90a3d93230b249a89c1742&nocache=4125131112ltr HTTP/1.1" 200 88608
::1 - - [31/Jan/2018:15:29:31 +0800] "GET /phpmyadmin/js/get_scripts.js.php?scripts[]=jquery/jquery-1.8.3.js&scripts[]=ajax.js&scripts[]=keyhandler.js&scripts[]=jquery/jquery-ui-1.9.2.custom.js&scripts[]=jquery/jquery.sprintf.js&scripts[]=jquery/jquery.cookie.js&scripts[]=jquery/jquery.mousewheel.js&scripts[]=jquery/jquery.event.drag-2.2.js&scripts[]=jquery/jquery-ui-timepicker-addon.js&scripts[]=jquery/jquery.ba-hashchange-1.3.js&scripts[]=jquery/jquery.debounce-1.0.5.js&scripts[]=jquery/jquery.menuResizer-1.0.js&scripts[]=rte.js&scripts[]=functions.js&scripts[]=navigation.js&scripts[]=indexes.js&scripts[]=common.js&scripts[]=codemirror/lib/codemirror.js&scripts[]=codemirror/mode/mysql/mysql.js HTTP/1.1" 200 578562
::1 - - [31/Jan/2018:15:29:31 +0800] "GET /phpmyadmin/js/get_image.js.php?theme=pmahomme HTTP/1.1" 200 6263
::1 - - [31/Jan/2018:15:29:31 +0800] "GET /phpmyadmin/js/messages.php?lang=en&db=&server=0&collation_connection=utf8_general_ci&token=9db8e4a6fb844f295142ee0278f1f73e HTTP/1.1" 200 16674
::1 - - [31/Jan/2018:15:29:32 +0800] "GET /phpmyadmin/themes/pmahomme/img/logo_right.png HTTP/1.1" 200 4548
::1 - - [31/Jan/2018:15:29:32 +0800] "GET /phpmyadmin/themes/dot.gif HTTP/1.1" 200 43
::1 - - [31/Jan/2018:15:29:32 +0800] "GET /phpmyadmin/themes/pmahomme/img/sprites.png HTTP/1.1" 200 61899
::1 - - [31/Jan/2018:15:29:32 +0800] "GET /phpmyadmin/favicon.ico HTTP/1.1" 200 18902
::1 - - [31/Jan/2018:15:30:04 +0800] "POST /phpmyadmin/index.php HTTP/1.1" 302 -
::1 - - [31/Jan/2018:15:30:04 +0800] "GET /phpmyadmin/index.php?token=f4f57a10aa90a3d93230b249a89c1742 HTTP/1.1" 200 42520
::1 - - [31/Jan/2018:15:30:05 +0800] "GET /phpmyadmin/phpmyadmin.css.php?server=1&token=f4f57a10aa90a3d93230b249a89c1742&nocache=5642514917ltr HTTP/1.1" 200 88608
::1 - - [31/Jan/2018:15:30:05 +0800] "GET /phpmyadmin/js/messages.php?lang=en&db=&server=0&token=f4f57a10aa90a3d93230b249a89c1742 HTTP/1.1" 200 16674
::1 - - [31/Jan/2018:15:30:05 +0800] "GET /phpmyadmin/themes/pmahomme/img/logo_left.png HTTP/1.1" 200 2327
::1 - - [31/Jan/2018:15:30:06 +0800] "GET /phpmyadmin/themes/pmahomme/img/ajax_clock_small.gif HTTP/1.1" 200 1810
::1 - - [31/Jan/2018:15:30:06 +0800] "GET /phpmyadmin/themes/pmahomme/img/left_nav_bg.png HTTP/1.1" 200 297
::1 - - [31/Jan/2018:15:30:06 +0800] "GET /phpmyadmin/version_check.php?&_nocache=1517383806232206928 HTTP/1.1" 200 39
::1 - - [31/Jan/2018:15:30:09 +0800] "GET /phpmyadmin/server_databases.php?db=&token=f4f57a10aa90a3d93230b249a89c1742&ajax_request=true&ajax_page_request=true&menuHashes=b2d2bf93&_nocache=1517383809548601928 HTTP/1.1" 200 33124
::1 - - [31/Jan/2018:15:30:09 +0800] "GET /phpmyadmin/themes/pmahomme/img/arrow_ltr.png HTTP/1.1" 200 139
::1 - - [31/Jan/2018:15:30:09 +0800] "GET /phpmyadmin/js/get_scripts.js.php?scripts[]=server_databases.js HTTP/1.1" 200 1818
::1 - - [31/Jan/2018:15:30:17 +0800] "POST /phpmyadmin/db_create.php HTTP/1.1" 200 2357
::1 - - [31/Jan/2018:15:30:18 +0800] "POST /phpmyadmin/navigation.php?ajax_request=1&token=f4f57a10aa90a3d93230b249a89c1742 HTTP/1.1" 200 1293
::1 - - [31/Jan/2018:15:30:24 +0800] "GET /phpmyadmin/db_structure.php?server=1&db=wordpress&token=f4f57a10aa90a3d93230b249a89c1742&ajax_request=true&ajax_page_request=true&menuHashes=b2d2bf93-8808eb8a&_nocache=1517383824367644957 HTTP/1.1" 200 5551
::1 - - [31/Jan/2018:15:30:24 +0800] "GET /phpmyadmin/js/get_scripts.js.php?scripts[]=db_structure.js&scripts[]=tbl_change.js HTTP/1.1" 200 12382
::1 - - [31/Jan/2018:15:30:27 +0800] "GET /wordpress/wp-admin/setup-config.php?step=1 HTTP/1.1" 200 2721
::1 - - [31/Jan/2018:15:30:42 +0800] "POST /wordpress/wp-admin/setup-config.php?step=2 HTTP/1.1" 200 1443
::1 - - [31/Jan/2018:15:30:45 +0800] "GET /wordpress/wp-admin/install.php?language=en_US HTTP/1.1" 200 6021
::1 - - [31/Jan/2018:15:30:47 +0800] "GET /wordpress/wp-includes/css/dashicons.min.css?ver=4.9.2 HTTP/1.1" 200 46360
::1 - - [31/Jan/2018:15:30:47 +0800] "GET /wordpress/wp-includes/js/wp-util.min.js?ver=4.9.2 HTTP/1.1" 200 1046
::1 - - [31/Jan/2018:15:30:47 +0800] "GET /wordpress/wp-includes/js/zxcvbn-async.min.js?ver=1.0 HTTP/1.1" 200 324
::1 - - [31/Jan/2018:15:30:47 +0800] "GET /wordpress/wp-admin/js/password-strength-meter.min.js?ver=4.9.2 HTTP/1.1" 200 784
::1 - - [31/Jan/2018:15:30:47 +0800] "GET /wordpress/wp-admin/js/user-profile.min.js?ver=4.9.2 HTTP/1.1" 200 6359
::1 - - [31/Jan/2018:15:30:47 +0800] "GET /wordpress/wp-includes/js/underscore.min.js?ver=1.8.3 HTTP/1.1" 200 16410
::1 - - [31/Jan/2018:15:30:48 +0800] "GET /wordpress/wp-includes/js/zxcvbn.min.js HTTP/1.1" 200 822202
::1 - - [31/Jan/2018:15:31:45 +0800] "GET /wordpress/2018/01/31/hello-world/ HTTP/1.1" 200 57695
::1 - - [31/Jan/2018:15:31:22 +0800] "POST /wordpress/wp-admin/install.php?step=2 HTTP/1.1" 200 3162
::1 - - [31/Jan/2018:15:31:52 +0800] "GET /wordpress/wp-login.php HTTP/1.1" 200 2281
::1 - - [31/Jan/2018:15:31:54 +0800] "GET /wordpress/wp-admin/load-styles.php?c=0&dir=ltr&load%5B%5D=dashicons,buttons,forms,l10n,login&ver=4.9.2 HTTP/1.1" 200 98104
::1 - - [31/Jan/2018:15:31:53 +0800] "POST /wordpress/wp-cron.php?doing_wp_cron=1517383913.1446421146392822265625 HTTP/1.1" 200 -
::1 - - [31/Jan/2018:15:32:10 +0800] "POST /wordpress/wp-login.php HTTP/1.1" 200 3230
::1 - - [31/Jan/2018:15:32:21 +0800] "POST /wordpress/wp-login.php HTTP/1.1" 200 3314
::1 - - [31/Jan/2018:15:32:31 +0800] "POST /wordpress/wp-login.php HTTP/1.1" 200 3287
::1 - - [31/Jan/2018:15:32:48 +0800] "GET /phpmyadmin/navigation.php?ajax_request=1&token=f4f57a10aa90a3d93230b249a89c1742&aPath=cm9vdA%3D%3D.d29yZHByZXNz&vPath=cm9vdA%3D%3D.d29yZHByZXNz&pos=0&pos2_name=&pos2_value=&searchClause=&searchClause2=&_nocache=1517383968964477610 HTTP/1.1" 200 10206
::1 - - [31/Jan/2018:15:32:51 +0800] "GET /phpmyadmin/sql.php?server=1&db=wordpress&table=wp_users&pos=0&token=f4f57a10aa90a3d93230b249a89c1742&ajax_request=true&ajax_page_request=true&menuHashes=b2d2bf93-8808eb8a-072051d8&_nocache=1517383971008961694 HTTP/1.1" 200 20911
::1 - - [31/Jan/2018:15:32:51 +0800] "GET /phpmyadmin/themes/pmahomme/img/s_fulltext.png HTTP/1.1" 200 193
::1 - - [31/Jan/2018:15:32:51 +0800] "GET /phpmyadmin/js/get_scripts.js.php?scripts[]=tbl_structure.js&scripts[]=gis_data_editor.js&scripts[]=makegrid.js&scripts[]=sql.js HTTP/1.1" 200 50287
::1 - - [31/Jan/2018:15:32:51 +0800] "GET /phpmyadmin/themes/pmahomme/img/col_pointer.png HTTP/1.1" 200 113
::1 - - [31/Jan/2018:15:32:51 +0800] "GET /phpmyadmin/themes/pmahomme/img/col_drop.png HTTP/1.1" 200 132
::1 - - [31/Jan/2018:15:32:51 +0800] "GET /phpmyadmin/index.php?ajax_request=1&recent_table=1&token=f4f57a10aa90a3d93230b249a89c1742 HTTP/1.1" 200 218
::1 - - [31/Jan/2018:15:33:14 +0800] "POST /wordpress/wp-login.php HTTP/1.1" 200 3287
::1 - - [31/Jan/2018:15:33:16 +0800] "POST /wordpress/wp-login.php HTTP/1.1" 200 3287
::1 - - [31/Jan/2018:15:33:59 +0800] "GET /phpmyadmin/sql.php?db=wordpress&table=wp_users&token=f4f57a10aa90a3d93230b249a89c1742&pos=0&ajax_request=true&ajax_page_request=true&menuHashes=b2d2bf93-8808eb8a-072051d8-cfd08f9d&_nocache=1517384039116873279 HTTP/1.1" 200 17841
::1 - - [31/Jan/2018:15:33:59 +0800] "GET /phpmyadmin/index.php?ajax_request=1&recent_table=1&token=f4f57a10aa90a3d93230b249a89c1742 HTTP/1.1" 200 218
::1 - - [31/Jan/2018:15:34:00 +0800] "GET /phpmyadmin/db_structure.php?server=1&db=wordpress&token=f4f57a10aa90a3d93230b249a89c1742&ajax_request=true&ajax_page_request=true&menuHashes=b2d2bf93-8808eb8a-072051d8-cfd08f9d&_nocache=1517384040848873126 HTTP/1.1" 200 40540
::1 - - [31/Jan/2018:15:34:04 +0800] "GET /phpmyadmin/index.php?token=f4f57a10aa90a3d93230b249a89c1742&ajax_request=true&ajax_page_request=true&menuHashes=b2d2bf93-8808eb8a-072051d8-cfd08f9d&_nocache=151738404412995884 HTTP/1.1" 200 35900
::1 - - [31/Jan/2018:15:34:04 +0800] "GET /phpmyadmin/version_check.php?&_nocache=1517384044235525245 HTTP/1.1" 200 39
::1 - - [31/Jan/2018:15:34:06 +0800] "GET /phpmyadmin/server_databases.php?db=&token=f4f57a10aa90a3d93230b249a89c1742&ajax_request=true&ajax_page_request=true&menuHashes=b2d2bf93-8808eb8a-072051d8-cfd08f9d&_nocache=151738404614171863 HTTP/1.1" 200 31094
::1 - - [31/Jan/2018:15:34:13 +0800] "GET /phpmyadmin/themes/pmahomme/jquery/images/ui-bg_highlight-soft_75_cccccc_1x100.png HTTP/1.1" 200 101
::1 - - [31/Jan/2018:15:34:13 +0800] "GET /phpmyadmin/themes/pmahomme/jquery/images/ui-bg_glass_75_dadada_1x400.png HTTP/1.1" 200 159
::1 - - [31/Jan/2018:15:34:13 +0800] "GET /phpmyadmin/themes/pmahomme/jquery/images/ui-bg_flat_75_ffffff_40x100.png HTTP/1.1" 200 178
::1 - - [31/Jan/2018:15:34:13 +0800] "GET /phpmyadmin/themes/pmahomme/jquery/images/ui-bg_glass_75_e6e6e6_1x400.png HTTP/1.1" 200 110
::1 - - [31/Jan/2018:15:34:13 +0800] "GET /phpmyadmin/themes/pmahomme/jquery/images/ui-bg_flat_0_aaaaaa_40x100.png HTTP/1.1" 200 180
::1 - - [31/Jan/2018:15:34:13 +0800] "GET /phpmyadmin/themes/pmahomme/jquery/images/ui-icons_222222_256x240.png HTTP/1.1" 200 4369
::1 - - [31/Jan/2018:15:34:14 +0800] "GET /phpmyadmin/themes/pmahomme/jquery/images/ui-bg_glass_65_ffffff_1x400.png HTTP/1.1" 200 105
::1 - - [31/Jan/2018:15:34:14 +0800] "POST /phpmyadmin/server_databases.php?pos=0&dbstats=0&sort_by=SCHEMA_NAME&sort_order=asc&drop_selected_dbs=1&token=f4f57a10aa90a3d93230b249a89c1742&selected_dbs%5B%5D=wordpress&drop_selected_dbs=1&is_js_confirmed=1&ajax_request=true HTTP/1.1" 200 181
::1 - - [31/Jan/2018:15:34:17 +0800] "POST /phpmyadmin/navigation.php?ajax_request=1&token=f4f57a10aa90a3d93230b249a89c1742 HTTP/1.1" 200 666
::1 - - [31/Jan/2018:15:35:07 +0800] "POST /phpmyadmin/db_create.php HTTP/1.1" 200 2357
::1 - - [31/Jan/2018:15:35:07 +0800] "POST /phpmyadmin/navigation.php?ajax_request=1&token=f4f57a10aa90a3d93230b249a89c1742 HTTP/1.1" 200 1293
::1 - - [31/Jan/2018:15:35:23 +0800] "GET /wordpress/ HTTP/1.1" 302 -
::1 - - [31/Jan/2018:15:35:23 +0800] "GET /wordpress/wp-admin/setup-config.php HTTP/1.1" 200 11125
::1 - - [31/Jan/2018:15:35:33 +0800] "POST /wordpress/wp-admin/setup-config.php?step=0 HTTP/1.1" 200 2336
::1 - - [31/Jan/2018:15:35:35 +0800] "GET /wordpress/wp-admin/setup-config.php?step=1 HTTP/1.1" 200 2721
::1 - - [31/Jan/2018:15:35:44 +0800] "POST /wordpress/wp-admin/setup-config.php?step=2 HTTP/1.1" 200 1443
::1 - - [31/Jan/2018:15:35:45 +0800] "GET /wordpress/wp-admin/install.php?language=en_US HTTP/1.1" 200 6021
::1 - - [31/Jan/2018:15:36:10 +0800] "POST /wordpress/wp-admin/install.php?step=2 HTTP/1.1" 200 5726
::1 - - [31/Jan/2018:15:36:36 +0800] "GET /wordpress/2018/01/31/hello-world/ HTTP/1.1" 200 57703
::1 - - [31/Jan/2018:15:36:15 +0800] "POST /wordpress/wp-admin/install.php?step=2 HTTP/1.1" 200 3163
::1 - - [31/Jan/2018:15:36:43 +0800] "GET /wordpress/wp-login.php HTTP/1.1" 200 2283
::1 - - [31/Jan/2018:15:36:43 +0800] "POST /wordpress/wp-cron.php?doing_wp_cron=1517384203.9177029132843017578125 HTTP/1.1" 200 -
::1 - - [31/Jan/2018:15:36:53 +0800] "POST /wordpress/wp-login.php HTTP/1.1" 302 -
::1 - - [31/Jan/2018:15:36:56 +0800] "GET /wordpress/wp-includes/js/thickbox/thickbox.css?ver=4.9.2 HTTP/1.1" 200 2658
::1 - - [31/Jan/2018:15:36:56 +0800] "GET /wordpress/wp-admin/load-scripts.php?c=0&load%5B%5D=jquery-core,jquery-migrate,utils&ver=4.9.2 HTTP/1.1" 200 109068
::1 - - [31/Jan/2018:15:36:56 +0800] "GET /wordpress/wp-admin/load-styles.php?c=0&dir=ltr&load%5B%5D=dashicons,admin-bar,common,forms,admin-menu,dashboard,list-tables,edit,revisions,media,themes,about,nav-menus,wp-pointer,widgets&load%5B%5D=,site-icon,l10n,buttons,wp-auth-check&ver=4.9.2 HTTP/1.1" 200 331567
::1 - - [31/Jan/2018:15:36:57 +0800] "GET /wordpress/wp-includes/js/wp-emoji-release.min.js?ver=4.9.2 HTTP/1.1" 200 11915
::1 - - [31/Jan/2018:15:36:57 +0800] "GET /wordpress/wp-includes/css/editor.min.css?ver=4.9.2 HTTP/1.1" 200 25769
::1 - - [31/Jan/2018:15:36:54 +0800] "GET /wordpress/wp-admin/ HTTP/1.1" 200 55097
::1 - - [31/Jan/2018:15:36:58 +0800] "GET /wordpress/wp-admin/load-scripts.php?c=0&load%5B%5D=hoverIntent,common,admin-bar,wp-ajax-response,jquery-color,wp-lists,quicktags,jquery-query,admin-comments,jquery-ui-core,jquery-&load%5B%5D=ui-widget,jquery-ui-mouse,jquery-ui-sortable,postbox,underscore,wp-util,wp-a11y,dashboard,thickbox,plugin-install,updates,shortc&load%5B%5D=ode,media-upload,svg-painter,heartbeat,wp-auth-check,wplink,jquery-ui-position,jquery-ui-menu,jquery-ui-autocomplete&ver=4.9.2 HTTP/1.1" 200 244325
::1 - - [31/Jan/2018:15:36:59 +0800] "GET /wordpress/wp-includes/js/thickbox/loadingAnimation.gif HTTP/1.1" 200 15238
::1 - - [31/Jan/2018:15:36:59 +0800] "POST /wordpress/wp-cron.php?doing_wp_cron=1517384219.3415830135345458984375 HTTP/1.1" 200 -
::1 - - [31/Jan/2018:15:36:59 +0800] "GET /wordpress/wp-admin/admin-ajax.php?action=wp-compression-test&test=1&_ajax_nonce=911c3f2b81&1517384219006 HTTP/1.1" 200 1114
::1 - - [31/Jan/2018:15:36:59 +0800] "GET /wordpress/wp-admin/admin-ajax.php?action=wp-compression-test&test=2&_ajax_nonce=911c3f2b81&1517384219956 HTTP/1.1" 200 572
::1 - - [31/Jan/2018:15:36:59 +0800] "POST /wordpress/wp-admin/admin-ajax.php HTTP/1.1" 200 60
::1 - - [31/Jan/2018:15:37:00 +0800] "GET /wordpress/wp-admin/admin-ajax.php?action=wp-compression-test&test=yes&_ajax_nonce=911c3f2b81&1517384220337 HTTP/1.1" 200 1
::1 - - [31/Jan/2018:15:36:59 +0800] "GET /wordpress/wp-admin/admin-ajax.php?action=dashboard-widgets&widget=dashboard_primary&pagenow=dashboard HTTP/1.1" 200 811
::1 - - [31/Jan/2018:15:37:05 +0800] "GET /wordpress/ HTTP/1.1" 200 17093
::1 - - [31/Jan/2018:15:37:06 +0800] "GET /wordpress/wp-includes/css/admin-bar.min.css?ver=4.9.2 HTTP/1.1" 200 20214
::1 - - [31/Jan/2018:15:37:06 +0800] "GET /wordpress/wp-content/themes/twentyseventeen/style.css?ver=4.9.2 HTTP/1.1" 200 83036
::1 - - [31/Jan/2018:15:37:06 +0800] "GET /wordpress/wp-content/themes/twentyseventeen/assets/images/header.jpg HTTP/1.1" 200 114854
::1 - - [31/Jan/2018:15:37:06 +0800] "GET /wordpress/ HTTP/1.1" 200 60770
::1 - - [31/Jan/2018:15:37:06 +0800] "GET /wordpress/wp-includes/js/admin-bar.min.js?ver=4.9.2 HTTP/1.1" 200 7188
::1 - - [31/Jan/2018:15:37:06 +0800] "GET /wordpress/wp-content/themes/twentyseventeen/assets/js/skip-link-focus-fix.js?ver=1.0 HTTP/1.1" 200 683
::1 - - [31/Jan/2018:15:37:06 +0800] "GET /wordpress/wp-content/themes/twentyseventeen/assets/js/global.js?ver=1.0 HTTP/1.1" 200 7682
::1 - - [31/Jan/2018:15:37:06 +0800] "GET /wordpress/wp-content/themes/twentyseventeen/assets/js/jquery.scrollTo.js?ver=2.1.2 HTTP/1.1" 200 5836
::1 - - [31/Jan/2018:15:37:06 +0800] "GET /wordpress/wp-includes/js/wp-embed.min.js?ver=4.9.2 HTTP/1.1" 200 1398
::1 - - [31/Jan/2018:15:37:14 +0800] "GET /wordpress/wp-admin/admin-ajax.php?action=wp-compression-test&test=1&_ajax_nonce=911c3f2b81&1517384234630 HTTP/1.1" 200 1114
::1 - - [31/Jan/2018:15:37:14 +0800] "POST /wordpress/wp-admin/admin-ajax.php HTTP/1.1" 200 60
::1 - - [31/Jan/2018:15:37:14 +0800] "GET /wordpress/wp-admin/admin-ajax.php?action=wp-compression-test&test=2&_ajax_nonce=911c3f2b81&1517384234944 HTTP/1.1" 200 572
::1 - - [31/Jan/2018:15:37:15 +0800] "GET /wordpress/wp-admin/admin-ajax.php?action=wp-compression-test&test=yes&_ajax_nonce=911c3f2b81&1517384235195 HTTP/1.1" 200 1
::1 - - [31/Jan/2018:15:37:16 +0800] "GET /wordpress/ HTTP/1.1" 200 60770
::1 - - [31/Jan/2018:15:37:18 +0800] "GET /wordpress/wp-admin/admin-ajax.php?action=wp-compression-test&test=1&_ajax_nonce=911c3f2b81&1517384238232 HTTP/1.1" 200 1114
::1 - - [31/Jan/2018:15:37:18 +0800] "POST /wordpress/wp-admin/admin-ajax.php HTTP/1.1" 200 60
::1 - - [31/Jan/2018:15:37:18 +0800] "GET /wordpress/wp-admin/admin-ajax.php?action=dashboard-widgets&widget=dashboard_primary&pagenow=dashboard HTTP/1.1" 200 811
::1 - - [31/Jan/2018:15:37:18 +0800] "GET /wordpress/wp-admin/admin-ajax.php?action=wp-compression-test&test=2&_ajax_nonce=911c3f2b81&1517384238587 HTTP/1.1" 200 572
::1 - - [31/Jan/2018:15:37:18 +0800] "GET /wordpress/wp-admin/admin-ajax.php?action=wp-compression-test&test=yes&_ajax_nonce=911c3f2b81&1517384238911 HTTP/1.1" 200 1
::1 - - [31/Jan/2018:15:37:20 +0800] "GET /wordpress/ HTTP/1.1" 200 60770
::1 - - [31/Jan/2018:15:38:18 +0800] "POST /wordpress/wp-admin/admin-ajax.php HTTP/1.1" 200 47
::1 - - [31/Jan/2018:15:39:18 +0800] "POST /wordpress/wp-admin/admin-ajax.php HTTP/1.1" 200 47
::1 - - [31/Jan/2018:15:40:18 +0800] "POST /wordpress/wp-admin/admin-ajax.php HTTP/1.1" 200 47
::1 - - [31/Jan/2018:15:41:18 +0800] "POST /wordpress/wp-admin/admin-ajax.php HTTP/1.1" 200 47
::1 - - [31/Jan/2018:15:42:18 +0800] "POST /wordpress/wp-admin/admin-ajax.php HTTP/1.1" 200 47
::1 - - [31/Jan/2018:15:43:18 +0800] "POST /wordpress/wp-admin/admin-ajax.php HTTP/1.1" 200 47
::1 - - [31/Jan/2018:15:44:18 +0800] "POST /wordpress/wp-admin/admin-ajax.php HTTP/1.1" 200 47
::1 - - [31/Jan/2018:15:45:18 +0800] "POST /wordpress/wp-admin/admin-ajax.php HTTP/1.1" 200 47
::1 - - [31/Jan/2018:15:46:18 +0800] "POST /wordpress/wp-admin/admin-ajax.php HTTP/1.1" 200 47
::1 - - [31/Jan/2018:15:47:18 +0800] "POST /wordpress/wp-admin/admin-ajax.php HTTP/1.1" 200 47
::1 - - [31/Jan/2018:15:48:18 +0800] "POST /wordpress/wp-admin/admin-ajax.php HTTP/1.1" 200 47
::1 - - [31/Jan/2018:15:49:18 +0800] "POST /wordpress/wp-admin/admin-ajax.php HTTP/1.1" 200 47
::1 - - [31/Jan/2018:15:49:22 +0800] "GET /wordpress/wp-admin/themes.php HTTP/1.1" 200 42900
::1 - - [31/Jan/2018:15:49:23 +0800] "GET /wordpress/wp-admin/load-scripts.php?c=1&load%5B%5D=jquery-core,jquery-migrate,utils&ver=4.9.2 HTTP/1.1" 200 41526
::1 - - [31/Jan/2018:15:49:23 +0800] "GET /wordpress/wp-admin/load-styles.php?c=1&dir=ltr&load%5B%5D=dashicons,admin-bar,common,forms,admin-menu,dashboard,list-tables,edit,revisions,media,themes,about,nav-menus,wp-pointer,widgets&load%5B%5D=,site-icon,l10n,buttons,wp-auth-check&ver=4.9.2 HTTP/1.1" 200 94639
::1 - - [31/Jan/2018:15:49:23 +0800] "GET /wordpress/wp-content/themes/twentyfifteen/screenshot.png HTTP/1.1" 200 576231
::1 - - [31/Jan/2018:15:49:23 +0800] "GET /wordpress/wp-content/themes/twentyseventeen/screenshot.png HTTP/1.1" 200 363833
::1 - - [31/Jan/2018:15:49:23 +0800] "GET /wordpress/wp-content/themes/twentysixteen/screenshot.png HTTP/1.1" 200 463555
::1 - - [31/Jan/2018:15:49:23 +0800] "GET /wordpress/wp-admin/load-scripts.php?c=1&load%5B%5D=hoverIntent,common,admin-bar,thickbox,underscore,backbone,wp-util,wp-backbone,wp-a11y,customize-base,theme,updates,svg-painter,h&load%5B%5D=eartbeat,wp-auth-check&ver=4.9.2 HTTP/1.1" 200 51087
::1 - - [31/Jan/2018:15:49:37 +0800] "GET /wordpress/wp-admin/themes.php?action=activate&stylesheet=twentyfifteen&_wpnonce=06ab658055 HTTP/1.1" 302 -
::1 - - [31/Jan/2018:15:49:38 +0800] "GET /wordpress/wp-admin/themes.php?activated=true HTTP/1.1" 200 43491
::1 - - [31/Jan/2018:15:49:42 +0800] "GET /wordpress/wp-content/themes/twentyfifteen/style.css?ver=4.9.2 HTTP/1.1" 200 97828
::1 - - [31/Jan/2018:15:49:42 +0800] "GET /wordpress/wp-content/themes/twentyfifteen/genericons/genericons.css?ver=3.2 HTTP/1.1" 200 27519
::1 - - [31/Jan/2018:15:49:42 +0800] "GET /wordpress/wp-content/themes/twentyfifteen/js/functions.js?ver=20150330 HTTP/1.1" 200 5920
::1 - - [31/Jan/2018:15:49:42 +0800] "GET /wordpress/wp-content/themes/twentyfifteen/js/skip-link-focus-fix.js?ver=20141010 HTTP/1.1" 200 727
::1 - - [31/Jan/2018:15:49:41 +0800] "GET /wordpress/ HTTP/1.1" 200 17744
::1 - - [31/Jan/2018:15:50:01 +0800] "GET /wordpress/wp-admin/edit.php HTTP/1.1" 200 47030
::1 - - [31/Jan/2018:15:50:02 +0800] "GET /wordpress/wp-admin/load-scripts.php?c=1&load%5B%5D=hoverIntent,common,admin-bar,jquery-ui-core,jquery-ui-widget,jquery-ui-position,jquery-ui-menu,wp-a11y,jquery-ui-autocomplete,ta&load%5B%5D=gs-suggest,inline-edit-post,heartbeat,svg-painter,wp-auth-check&ver=4.9.2 HTTP/1.1" 200 27427
::1 - - [31/Jan/2018:15:50:02 +0800] "POST /wordpress/wp-admin/admin-ajax.php HTTP/1.1" 200 47
::1 - - [31/Jan/2018:15:50:17 +0800] "POST /wordpress/wp-admin/admin-ajax.php HTTP/1.1" 200 47
::1 - - [31/Jan/2018:15:50:24 +0800] "GET /wordpress/wp-admin/edit-tags.php?taxonomy=category HTTP/1.1" 200 37384
::1 - - [31/Jan/2018:15:50:25 +0800] "GET /wordpress/wp-admin/load-scripts.php?c=1&load%5B%5D=hoverIntent,common,admin-bar,wp-ajax-response,admin-tags,wp-a11y,inline-edit-tax,svg-painter,heartbeat,wp-auth-check&ver=4.9.2 HTTP/1.1" 200 15097
::1 - - [31/Jan/2018:15:50:46 +0800] "GET /wordpress/wp-includes/js/imgareaselect/imgareaselect.css?ver=0.9.8 HTTP/1.1" 200 790
::1 - - [31/Jan/2018:15:50:46 +0800] "GET /wordpress/wp-includes/js/mediaelement/wp-mediaelement.min.css?ver=4.9.2 HTTP/1.1" 200 4068
::1 - - [31/Jan/2018:15:50:46 +0800] "GET /wordpress/wp-admin/upload.php HTTP/1.1" 200 78428
::1 - - [31/Jan/2018:15:50:46 +0800] "GET /wordpress/wp-includes/js/mediaelement/mediaelementplayer-legacy.min.css?ver=4.2.6-78496d1 HTTP/1.1" 200 11232
::1 - - [31/Jan/2018:15:50:46 +0800] "GET /wordpress/wp-admin/load-styles.php?c=1&dir=ltr&load%5B%5D=dashicons,admin-bar,buttons,media-views,common,forms,admin-menu,dashboard,list-tables,edit,revisions,media,themes,about,nav-menu&load%5B%5D=s,wp-pointer,widgets,site-icon,l10n,wp-auth-check&ver=4.9.2 HTTP/1.1" 200 102965
::1 - - [31/Jan/2018:15:50:46 +0800] "GET /wordpress/wp-includes/js/mediaelement/mediaelement-migrate.min.js?ver=4.9.2 HTTP/1.1" 200 1193
::1 - - [31/Jan/2018:15:50:46 +0800] "GET /wordpress/wp-includes/js/mediaelement/mediaelement-and-player.min.js?ver=4.2.6-78496d1 HTTP/1.1" 200 156559
::1 - - [31/Jan/2018:15:50:46 +0800] "GET /wordpress/wp-admin/load-scripts.php?c=1&load%5B%5D=jquery-core,jquery-migrate,utils,moxiejs,plupload&ver=4.9.2 HTTP/1.1" 200 77873
::1 - - [31/Jan/2018:15:50:47 +0800] "GET /wordpress/wp-admin/load-scripts.php?c=1&load%5B%5D=hoverIntent,common,admin-bar,underscore,shortcode,backbone,wp-util,wp-backbone,media-models,wp-plupload,jquery-ui-core,jquery-ui&load%5B%5D=-widget,jquery-ui-mouse,jquery-ui-sortable,wp-mediaelement,wp-api-request,media-views,media-editor,media-audiovideo,mce-view,img&load%5B%5D=areaselect,image-edit,media-grid,media,svg-painter,heartbeat,wp-auth-check&ver=4.9.2 HTTP/1.1" 200 95797
::1 - - [31/Jan/2018:15:50:47 +0800] "GET /wordpress/wp-includes/images/spinner.gif HTTP/1.1" 200 4162
::1 - - [31/Jan/2018:15:50:47 +0800] "POST /wordpress/wp-admin/admin-ajax.php HTTP/1.1" 200 26
::1 - - [31/Jan/2018:15:50:54 +0800] "GET /wordpress/wp-admin/edit.php?post_type=page HTTP/1.1" 200 41964
::1 - - [31/Jan/2018:15:50:55 +0800] "POST /wordpress/wp-admin/admin-ajax.php HTTP/1.1" 200 47
::1 - - [31/Jan/2018:15:51:10 +0800] "POST /wordpress/wp-admin/admin-ajax.php HTTP/1.1" 200 47
::1 - - [31/Jan/2018:15:51:14 +0800] "GET /wordpress/wp-admin/edit.php HTTP/1.1" 200 47030
::1 - - [31/Jan/2018:15:51:15 +0800] "POST /wordpress/wp-admin/admin-ajax.php HTTP/1.1" 200 47
::1 - - [31/Jan/2018:15:51:16 +0800] "GET /wordpress/wp-admin/edit-tags.php?taxonomy=category HTTP/1.1" 200 37384
::1 - - [31/Jan/2018:15:51:22 +0800] "POST /wordpress/wp-admin/admin-ajax.php HTTP/1.1" 200 4698
::1 - - [31/Jan/2018:15:51:25 +0800] "GET /wordpress/wp-admin/edit.php HTTP/1.1" 200 47224
::1 - - [31/Jan/2018:15:51:26 +0800] "POST /wordpress/wp-admin/admin-ajax.php HTTP/1.1" 200 47
::1 - - [31/Jan/2018:15:51:27 +0800] "GET /wordpress/wp-admin/post-new.php HTTP/1.1" 200 124023
::1 - - [31/Jan/2018:15:51:29 +0800] "GET /wordpress/wp-includes/js/tinymce/wp-tinymce.php?c=1&ver=4607-20171116 HTTP/1.1" 200 210699
::1 - - [31/Jan/2018:15:51:29 +0800] "GET /wordpress/wp-admin/images/resize.gif HTTP/1.1" 200 70
::1 - - [31/Jan/2018:15:51:29 +0800] "GET /wordpress/wp-admin/load-scripts.php?c=1&load%5B%5D=hoverIntent,common,admin-bar,heartbeat,autosave,suggest,wp-ajax-response,jquery-color,wp-lists,jquery-ui-core,jquery-ui-widget,j&load%5B%5D=query-ui-mouse,jquery-ui-sortable,postbox,jquery-ui-position,jquery-ui-menu,wp-a11y,jquery-ui-autocomplete,tags-suggest,tags-box&load%5B%5D=,underscore,word-count,post,editor-expand,thickbox,shortcode,backbone,wp-util,wp-backbone,media-models,wp-plupload,wp-mediaeleme&load%5B%5D=nt,wp-api-request,media-views,media-editor,media-audiovideo,mce-view,imgareaselect,image-edit,svg-painter,wp-auth-check,editor,q&load%5B%5D=uicktags,wplink,media-upload,wp-embed&ver=4.9.2 HTTP/1.1" 200 141092
::1 - - [31/Jan/2018:15:51:30 +0800] "GET /wordpress/wp-includes/js/tinymce/skins/lightgray/skin.min.css?wp-mce-4607-20171116 HTTP/1.1" 200 40376
::1 - - [31/Jan/2018:15:51:30 +0800] "GET /wordpress/wp-includes/css/dashicons.min.css?ver=4.9.2&wp-mce-4607-20171116 HTTP/1.1" 200 46360
::1 - - [31/Jan/2018:15:51:30 +0800] "GET /wordpress/wp-content/themes/twentyfifteen/genericons/genericons.css?wp-mce-4607-20171116 HTTP/1.1" 200 27519
::1 - - [31/Jan/2018:15:51:30 +0800] "GET /wordpress/wp-includes/js/tinymce/skins/lightgray/content.min.css?wp-mce-4607-20171116 HTTP/1.1" 200 3740
::1 - - [31/Jan/2018:15:51:30 +0800] "GET /wordpress/wp-content/themes/twentyfifteen/css/editor-style.css?wp-mce-4607-20171116 HTTP/1.1" 200 5757
::1 - - [31/Jan/2018:15:51:30 +0800] "GET /wordpress/wp-includes/js/tinymce/skins/wordpress/wp-content.css?ver=4.9.2&wp-mce-4607-20171116 HTTP/1.1" 200 8639
::1 - - [31/Jan/2018:15:51:34 +0800] "POST /wordpress/wp-cron.php?doing_wp_cron=1517385094.0313200950622558593750 HTTP/1.1" 200 -
::1 - - [31/Jan/2018:15:51:33 +0800] "POST /wordpress/wp-admin/admin-ajax.php HTTP/1.1" 200 117
::1 - - [31/Jan/2018:15:51:35 +0800] "POST /wordpress/wp-admin/admin-ajax.php HTTP/1.1" 200 444
::1 - - [31/Jan/2018:15:52:09 +0800] "POST /wordpress/wp-admin/post.php HTTP/1.1" 302 -
::1 - - [31/Jan/2018:15:52:11 +0800] "POST /wordpress/wp-cron.php?doing_wp_cron=1517385131.4395380020141601562500 HTTP/1.1" 200 -
::1 - - [31/Jan/2018:15:52:11 +0800] "GET /wordpress/wp-admin/post.php?post=4&action=edit&message=6 HTTP/1.1" 200 127613
::1 - - [31/Jan/2018:15:52:13 +0800] "GET /wordpress/wp-admin/load-scripts.php?c=1&load%5B%5D=hoverIntent,common,admin-bar,heartbeat,autosave,wp-ajax-response,jquery-color,wp-lists,quicktags,jquery-query,admin-comments,sug&load%5B%5D=gest,jquery-ui-core,jquery-ui-widget,jquery-ui-mouse,jquery-ui-sortable,postbox,jquery-ui-position,jquery-ui-menu,wp-a11y,jquery&load%5B%5D=-ui-autocomplete,tags-suggest,tags-box,underscore,word-count,post,editor-expand,thickbox,shortcode,backbone,wp-util,wp-backbone,&load%5B%5D=media-models,wp-plupload,wp-mediaelement,wp-api-request,media-views,media-editor,media-audiovideo,mce-view,imgareaselect,image-e&load%5B%5D=dit,svg-painter,wp-auth-check,editor,wplink,media-upload,wp-embed&ver=4.9.2 HTTP/1.1" 200 148037
::1 - - [31/Jan/2018:15:52:13 +0800] "GET /wordpress/wp-admin/admin-ajax.php?action=oembed-cache&post=4 HTTP/1.1" 200 1
::1 - - [31/Jan/2018:15:52:14 +0800] "GET /wordpress/ HTTP/1.1" 200 19378
::1 - - [31/Jan/2018:15:52:20 +0800] "GET /wordpress/category/travel/ HTTP/1.1" 200 18555
::1 - - [31/Jan/2018:15:52:33 +0800] "GET /wordpress/wp-admin/plugins.php HTTP/1.1" 200 39637
::1 - - [31/Jan/2018:15:52:35 +0800] "GET /wordpress/wp-admin/load-scripts.php?c=1&load%5B%5D=hoverIntent,common,admin-bar,underscore,wp-util,wp-a11y,updates,jquery-ui-core,thickbox,plugin-install,svg-painter,heartbeat,wp-&load%5B%5D=auth-check&ver=4.9.2 HTTP/1.1" 200 34398
::1 - - [31/Jan/2018:15:52:35 +0800] "POST /wordpress/wp-admin/admin-ajax.php HTTP/1.1" 200 1
::1 - - [31/Jan/2018:15:53:35 +0800] "POST /wordpress/wp-admin/admin-ajax.php HTTP/1.1" 200 47
::1 - - [31/Jan/2018:15:55:36 +0800] "POST /wordpress/wp-admin/admin-ajax.php HTTP/1.1" 200 47
::1 - - [31/Jan/2018:15:57:36 +0800] "POST /wordpress/wp-admin/admin-ajax.php HTTP/1.1" 200 47
::1 - - [31/Jan/2018:15:59:37 +0800] "POST /wordpress/wp-admin/admin-ajax.php HTTP/1.1" 200 47
::1 - - [31/Jan/2018:16:01:38 +0800] "POST /wordpress/wp-admin/admin-ajax.php HTTP/1.1" 200 47
::1 - - [31/Jan/2018:16:03:39 +0800] "POST /wordpress/wp-admin/admin-ajax.php HTTP/1.1" 200 47
::1 - - [31/Jan/2018:16:05:40 +0800] "POST /wordpress/wp-admin/admin-ajax.php HTTP/1.1" 200 47
::1 - - [31/Jan/2018:16:07:41 +0800] "POST /wordpress/wp-admin/admin-ajax.php HTTP/1.1" 200 47
::1 - - [31/Jan/2018:16:09:42 +0800] "POST /wordpress/wp-admin/admin-ajax.php HTTP/1.1" 200 47
::1 - - [31/Jan/2018:16:11:43 +0800] "POST /wordpress/wp-admin/admin-ajax.php HTTP/1.1" 200 47
