2018-01-31 15:22:28 4444 [Note] Plugin 'FEDERATED' is disabled.
2018-01-31 15:22:28 4444 [Note] InnoDB: The InnoDB memory heap is disabled
2018-01-31 15:22:28 4444 [Note] InnoDB: Mutexes and rw_locks use Windows interlocked functions
2018-01-31 15:22:28 4444 [Note] InnoDB: Compressed tables use zlib 1.2.3
2018-01-31 15:22:28 4444 [Note] InnoDB: Not using CPU crc32 instructions
2018-01-31 15:22:28 4444 [Note] InnoDB: Initializing buffer pool, size = 128.0M
2018-01-31 15:22:28 4444 [Note] InnoDB: Completed initialization of buffer pool
2018-01-31 15:22:28 4444 [Note] InnoDB: Setting log file C:\Users\primus.M307.001\Desktop\USBWebserver v8.6\mysql\data\ib_logfile101 size to 5 MB
2018-01-31 15:22:28 4444 [Note] InnoDB: Setting log file C:\Users\primus.M307.001\Desktop\USBWebserver v8.6\mysql\data\ib_logfile1 size to 5 MB
2018-01-31 15:22:29 4444 [Note] InnoDB: Renaming log file C:\Users\primus.M307.001\Desktop\USBWebserver v8.6\mysql\data\ib_logfile101 to C:\Users\primus.M307.001\Desktop\USBWebserver v8.6\mysql\data\ib_logfile0
2018-01-31 15:22:29 4444 [Warning] InnoDB: New log files created, LSN=1626134
2018-01-31 15:22:29 4444 [Note] InnoDB: Highest supported file format is Barracuda.
2018-01-31 15:22:30 4444 [Note] InnoDB: 128 rollback segment(s) are active.
2018-01-31 15:22:30 4444 [Note] InnoDB: Waiting for purge to start
2018-01-31 15:22:30 4444 [Note] InnoDB: 5.6.13 started; log sequence number 1626636
2018-01-31 15:22:30 4444 [Warning] No existing UUID has been found, so we assume that this is the first time that this server has been started. Generating a new UUID: 7f52cf8b-0657-11e8-86e1-60a44c60af2b.
2018-01-31 15:22:30 4444 [Note] Server hostname (bind-address): '*'; port: 3307
2018-01-31 15:22:30 4444 [Note] IPv6 is available.
2018-01-31 15:22:30 4444 [Note]   - '::' resolves to '::';
2018-01-31 15:22:30 4444 [Note] Server socket created on IP: '::'.
2018-01-31 15:24:03 5596 [Note] Plugin 'FEDERATED' is disabled.
2018-01-31 15:24:03 5596 [Note] InnoDB: The InnoDB memory heap is disabled
2018-01-31 15:24:03 5596 [Note] InnoDB: Mutexes and rw_locks use Windows interlocked functions
2018-01-31 15:24:03 5596 [Note] InnoDB: Compressed tables use zlib 1.2.3
2018-01-31 15:24:03 5596 [Note] InnoDB: Not using CPU crc32 instructions
2018-01-31 15:24:03 5596 [Note] InnoDB: Initializing buffer pool, size = 128.0M
2018-01-31 15:24:03 5596 [Note] InnoDB: Completed initialization of buffer pool
2018-01-31 15:24:03 5596 [Note] InnoDB: Highest supported file format is Barracuda.
2018-01-31 15:24:03 5596 [Note] InnoDB: The log sequence numbers 1626134 and 1626134 in ibdata files do not match the log sequence number 1626646 in the ib_logfiles!
2018-01-31 15:24:03 5596 [Note] InnoDB: Database was not shutdown normally!
2018-01-31 15:24:03 5596 [Note] InnoDB: Starting crash recovery.
2018-01-31 15:24:03 5596 [Note] InnoDB: Reading tablespace information from the .ibd files...
2018-01-31 15:24:03 5596 [Note] InnoDB: Restoring possible half-written data pages 
2018-01-31 15:24:03 5596 [Note] InnoDB: from the doublewrite buffer...
2018-01-31 15:24:03 5596 [Note] InnoDB: 128 rollback segment(s) are active.
2018-01-31 15:24:03 5596 [Note] InnoDB: Waiting for purge to start
2018-01-31 15:24:03 5596 [Note] InnoDB: 5.6.13 started; log sequence number 1626646
2018-01-31 15:24:03 5596 [Note] Server hostname (bind-address): '*'; port: 3307
2018-01-31 15:24:03 5596 [Note] IPv6 is available.
2018-01-31 15:24:03 5596 [Note]   - '::' resolves to '::';
2018-01-31 15:24:03 5596 [Note] Server socket created on IP: '::'.
2018-01-31 15:25:01 2200 [Note] Plugin 'FEDERATED' is disabled.
2018-01-31 15:25:01 2200 [Note] InnoDB: The InnoDB memory heap is disabled
2018-01-31 15:25:01 2200 [Note] InnoDB: Mutexes and rw_locks use Windows interlocked functions
2018-01-31 15:25:01 2200 [Note] InnoDB: Compressed tables use zlib 1.2.3
2018-01-31 15:25:01 2200 [Note] InnoDB: Not using CPU crc32 instructions
2018-01-31 15:25:01 2200 [Note] InnoDB: Initializing buffer pool, size = 128.0M
2018-01-31 15:25:01 2200 [Note] InnoDB: Completed initialization of buffer pool
2018-01-31 15:25:01 2200 [Note] InnoDB: Highest supported file format is Barracuda.
2018-01-31 15:25:01 2200 [Note] InnoDB: The log sequence numbers 1626134 and 1626134 in ibdata files do not match the log sequence number 1626656 in the ib_logfiles!
2018-01-31 15:25:01 2200 [Note] InnoDB: Database was not shutdown normally!
2018-01-31 15:25:01 2200 [Note] InnoDB: Starting crash recovery.
2018-01-31 15:25:01 2200 [Note] InnoDB: Reading tablespace information from the .ibd files...
2018-01-31 15:25:01 2200 [Note] InnoDB: Restoring possible half-written data pages 
2018-01-31 15:25:01 2200 [Note] InnoDB: from the doublewrite buffer...
2018-01-31 15:25:01 2200 [Note] InnoDB: 128 rollback segment(s) are active.
2018-01-31 15:25:01 2200 [Note] InnoDB: Waiting for purge to start
2018-01-31 15:25:01 2200 [Note] InnoDB: 5.6.13 started; log sequence number 1626656
2018-01-31 15:25:01 2200 [Note] Server hostname (bind-address): '*'; port: 3306
2018-01-31 15:25:01 2200 [Note] IPv6 is available.
2018-01-31 15:25:01 2200 [Note]   - '::' resolves to '::';
2018-01-31 15:25:01 2200 [Note] Server socket created on IP: '::'.
